Available network interfaces:
wlp1s0 - No description available
any - Pseudo-device that captures on all interfaces
lo - No description available
virbr0 - No description available
bluetooth0 - Bluetooth adapter number 0
bluetooth-monitor - Bluetooth Linux Monitor
nflog - Linux netfilter log (NFLOG) interface
nfqueue - Linux netfilter queue (NFQUEUE) interface
dbus-system - D-Bus system bus
dbus-session - D-Bus session bus
Could open: wlp1s0
Option kind=8, len=10
Option kind=8, len=10
Option kind=8, len=10
Option kind=8, len=10
Option kind=8, len=10
Option kind=8, len=10
Option kind=8, len=10
Option kind=8, len=10
Option kind=8, len=10
Option kind=8, len=10
Option kind=8, len=10
Option kind=8, len=10
Option kind=8, len=10
Option kind=8, len=10
Option kind=8, len=10
Option kind=8, len=10
Option kind=8, len=10
Option kind=8, len=10
Option kind=8, len=10
Option kind=8, len=10
Option kind=8, len=10
Option kind=8, len=10
SACK: [1894648895, 1894648931] 
Option kind=8, len=10
Option kind=8, len=10
SACK: [1894648895, 1894648999] 
Option kind=8, len=10
SACK: [1894648895, 1894648999] 
Option kind=8, len=10
SACK: [1894648895, 1894648999] 
Option kind=8, len=10
SACK: [1894648895, 1894648999] 
Option kind=8, len=10
SACK: [1894648895, 1894648999] 
Option kind=8, len=10
SACK: [1894648895, 1894648999] 
Option kind=8, len=10
SACK: [1894648895, 1894648999] 
Option kind=8, len=10
SACK: [1894648895, 1894648999] 
Option kind=8, len=10
SACK: [1894648895, 1894648999] 
Option kind=8, len=10
SACK: [1894648895, 1894648999] 
Option kind=8, len=10
SACK: [1894648895, 1894648999] 
Option kind=8, len=10
SACK: [1894648895, 1894648999] 
Option kind=8, len=10
SACK: [1894648895, 1894648999] 
Option kind=8, len=10
SACK: [1894648895, 1894648999] 
Option kind=8, len=10
SACK: [1894648895, 1894648999] 
Option kind=8, len=10
SACK: [1894648895, 1894648999] 
Option kind=8, len=10
SACK: [1894648895, 1894648999] 
Option kind=8, len=10
SACK: [1894648895, 1894648999] 
Option kind=8, len=10
SACK: [1894648895, 1894648999] 
Option kind=8, len=10
SACK: [1894648895, 1894648999] 
Option kind=8, len=10
SACK: [1894648895, 1894648999] 
Option kind=8, len=10
SACK: [1894648895, 1894648999] 
Option kind=8, len=10
SACK: [1894648895, 1894648999] 
Option kind=8, len=10
SACK: [1894648895, 1894648999] 
Option kind=8, len=10
SACK: [1894648895, 1894648999] 
Option kind=8, len=10
SACK: [1894648895, 1894648999] 
Option kind=8, len=10
SACK: [1894648895, 1894648999] 
Option kind=8, len=10
SACK: [1894648895, 1894648999] 
Option kind=8, len=10
SACK: [1894648895, 1894648999] 
Option kind=8, len=10
SACK: [1894648895, 1894648999] 
Option kind=8, len=10
SACK: [1894648895, 1894648999] 
Option kind=8, len=10
SACK: [1894648895, 1894648999] 
Option kind=8, len=10
SACK: [1894648895, 1894648999] 
Option kind=8, len=10
SACK: [1894648895, 1894648999] 
Option kind=8, len=10
SACK: [1894648895, 1894648999] 
Option kind=8, len=10
SACK: [1894648895, 1894648999] 
Option kind=8, len=10
SACK: [1894648895, 1894648999] 
Option kind=8, len=10
SACK: [1894648895, 1894648999] 
Option kind=8, len=10
SACK: [1894648895, 1894648999] 
Option kind=8, len=10
SACK: [1894648895, 1894648999] 
Option kind=8, len=10
SACK: [1894648895, 1894648999] 
Option kind=8, len=10
SACK: [1894648895, 1894648999] 
Option kind=8, len=10
SACK: [1894648895, 1894648999] 
Option kind=8, len=10
SACK: [1894648895, 1894648999] 
Option kind=8, len=10
SACK: [1894648895, 1894648999] 
Option kind=8, len=10
SACK: [1894648895, 1894648999] 
Option kind=8, len=10
SACK: [1894648895, 1894648999] 
Option kind=8, len=10
SACK: [1894648895, 1894648999] 
Option kind=8, len=10
SACK: [1894648895, 1894648999] 
Option kind=8, len=10
SACK: [1894648895, 1894648999] 
Option kind=8, len=10
SACK: [1894648895, 1894648999] 
Option kind=8, len=10
SACK: [1894648895, 1894648999] 
Option kind=8, len=10
SACK: [1894648895, 1894648999] 
Option kind=8, len=10
SACK: [1894648895, 1894648999] 
Option kind=8, len=10
SACK: [1894648895, 1894648999] 
Option kind=8, len=10
SACK: [1894648895, 1894648999] 
Option kind=8, len=10
SACK: [1894648895, 1894648999] 
Option kind=8, len=10
SACK: [1894648895, 1894648999] 
Option kind=8, len=10
SACK: [1894648895, 1894648999] 
Option kind=8, len=10
SACK: [1894648895, 1894648999] 
Option kind=8, len=10
SACK: [1894648895, 1894648999] 
Option kind=8, len=10
SACK: [1894648895, 1894648999] 
Option kind=8, len=10
SACK: [1894648895, 1894648999] 
Option kind=8, len=10
SACK: [1894648895, 1894648999] 
Option kind=8, len=10
SACK: [1894648895, 1894648999] 
Option kind=8, len=10
SACK: [1894648895, 1894648999] 
Option kind=8, len=10
SACK: [1894648895, 1894648999] 
Option kind=8, len=10
SACK: [1894648895, 1894648999] 
Option kind=8, len=10
SACK: [1894648895, 1894648999] 
Option kind=8, len=10
SACK: [1894648895, 1894648999] 
Option kind=8, len=10
SACK: [1894648895, 1894648999] 
Option kind=8, len=10
SACK: [1894648895, 1894648999] 
Option kind=8, len=10
SACK: [1894648895, 1894648999] 
Option kind=8, len=10
SACK: [1894648895, 1894648999] 
Option kind=8, len=10
SACK: [1894648895, 1894648999] 
Option kind=8, len=10
SACK: [1894648895, 1894648999] 
Option kind=8, len=10
SACK: [1894648895, 1894648999] 
Option kind=8, len=10
SACK: [1894648895, 1894648999] 
Option kind=8, len=10
SACK: [1894648895, 1894648999] 
Option kind=8, len=10
SACK: [1894648895, 1894648999] 
Option kind=8, len=10
SACK: [1894648895, 1894648999] 
Option kind=8, len=10
SACK: [1894648895, 1894648999] 
Option kind=8, len=10
SACK: [1894648895, 1894648999] 
Option kind=8, len=10
SACK: [1894648895, 1894648999] 
Option kind=8, len=10
SACK: [1894648895, 1894648999] 
Option kind=8, len=10
SACK: [1894648895, 1894648999] 
Option kind=8, len=10
SACK: [1894648895, 1894648999] 
Option kind=8, len=10
SACK: [1894648895, 1894648999] 
Option kind=8, len=10
SACK: [1894648895, 1894648999] 
Option kind=8, len=10
SACK: [1894648895, 1894648999] 
Option kind=8, len=10
SACK: [1894648895, 1894648999] 
Option kind=8, len=10
SACK: [1894648895, 1894648999] 
Option kind=8, len=10
SACK: [1894648895, 1894648999] 
Option kind=8, len=10
SACK: [1894648895, 1894648999] 
Option kind=8, len=10
SACK: [1894648895, 1894648999] 
Option kind=8, len=10
SACK: [1894648895, 1894648999] 
Option kind=8, len=10
SACK: [1894648895, 1894648999] 
Option kind=8, len=10
SACK: [1894648895, 1894648999] 
Option kind=8, len=10
SACK: [1894648895, 1894648999] 
Option kind=8, len=10
SACK: [1894648895, 1894648999] 
Option kind=8, len=10
SACK: [1894648895, 1894648999] 
Option kind=8, len=10
SACK: [1894648895, 1894648999] 
Option kind=8, len=10
SACK: [1894648895, 1894648999] 
Option kind=8, len=10
Option kind=8, len=10
SACK: [1894648895, 1894648999] 
Option kind=8, len=10
SACK: [1894648895, 1894648999] 
Option kind=8, len=10
SACK: [1894648895, 1894648999] 
Option kind=8, len=10
SACK: [1894648895, 1894648999] 
Option kind=8, len=10
SACK: [1894648895, 1894648999] 
Option kind=8, len=10
Option kind=8, len=10
SACK: [1894648895, 1894648999] 
Option kind=8, len=10
SACK: [1894648895, 1894648999] 
Option kind=8, len=10
SACK: [1894648895, 1894648999] 
Option kind=8, len=10
SACK: [1894648895, 1894648999] 
Option kind=8, len=10
Option kind=8, len=10
SACK: [1894648895, 1894648999] 
Option kind=8, len=10
SACK: [1894648895, 1894648999] 
Option kind=8, len=10
SACK: [1894648895, 1894648999] 
Option kind=8, len=10
SACK: [1894648895, 1894648999] 
Option kind=8, len=10
SACK: [1894648895, 1894648999] 
Option kind=8, len=10
SACK: [1894648895, 1894648999] 
Option kind=8, len=10
SACK: [1894648895, 1894648999] 
Option kind=8, len=10
SACK: [1894648895, 1894648999] 
Option kind=8, len=10
Option kind=8, len=10
SACK: [1894648895, 1894648999] 
Option kind=8, len=10
SACK: [1894648895, 1894648999] 
Option kind=8, len=10
SACK: [1894648895, 1894648999] 
Option kind=8, len=10
Option kind=8, len=10
Option kind=8, len=10
Option kind=8, len=10
Option kind=8, len=10
Option kind=8, len=10
Option kind=8, len=10
Option kind=8, len=10
Option kind=8, len=10
Option kind=8, len=10
Option kind=8, len=10
Option kind=8, len=10
Option kind=8, len=10
Option kind=8, len=10
Option kind=8, len=10
Option kind=8, len=10
Option kind=8, len=10
Option kind=8, len=10
Option kind=8, len=10
Option kind=8, len=10
Option kind=8, len=10
Option kind=8, len=10
Option kind=8, len=10
Option kind=8, len=10
Option kind=8, len=10
Option kind=8, len=10
Option kind=8, len=10
Option kind=8, len=10
Option kind=8, len=10
Option kind=8, len=10
Option kind=8, len=10
Option kind=8, len=10
Option kind=8, len=10
Option kind=8, len=10
Option kind=8, len=10
Option kind=8, len=10
Option kind=8, len=10
Option kind=8, len=10
Option kind=8, len=10
Option kind=8, len=10
Option kind=8, len=10
Option kind=8, len=10
Option kind=8, len=10
Option kind=8, len=10
Option kind=8, len=10
Option kind=8, len=10
Option kind=8, len=10
Option kind=8, len=10
Option kind=8, len=10
Option kind=8, len=10
Option kind=8, len=10
Option kind=8, len=10
Option kind=8, len=10
Option kind=8, len=10
Option kind=8, len=10
Option kind=8, len=10
Option kind=8, len=10
Option kind=8, len=10
Option kind=8, len=10
Option kind=8, len=10
Option kind=8, len=10
Option kind=8, len=10
Option kind=8, len=10
Option kind=8, len=10
Option kind=8, len=10
Option kind=8, len=10
Option kind=8, len=10
Option kind=8, len=10
Option kind=8, len=10
Option kind=8, len=10
Option kind=8, len=10
Option kind=8, len=10
Option kind=8, len=10
Option kind=8, len=10
Option kind=8, len=10
Option kind=8, len=10
Option kind=8, len=10
Option kind=8, len=10
Option kind=8, len=10
Option kind=8, len=10
Option kind=8, len=10
Option kind=8, len=10
Option kind=8, len=10
Option kind=8, len=10
Option kind=8, len=10
Option kind=8, len=10
Option kind=8, len=10
Option kind=8, len=10
Option kind=8, len=10
Option kind=8, len=10
Option kind=8, len=10
Option kind=8, len=10
Option kind=8, len=10
Option kind=8, len=10
Option kind=8, len=10
Option kind=8, len=10
Option kind=8, len=10
Option kind=8, len=10
Option kind=8, len=10
Option kind=8, len=10
Option kind=8, len=10
Option kind=8, len=10
Option kind=8, len=10
Option kind=8, len=10
Option kind=8, len=10
Option kind=8, len=10
Option kind=8, len=10
Option kind=8, len=10
Option kind=8, len=10
Option kind=8, len=10
Option kind=8, len=10
Option kind=8, len=10
Option kind=8, len=10
Option kind=8, len=10
Option kind=8, len=10
Option kind=8, len=10
Option kind=8, len=10
Option kind=8, len=10
Option kind=8, len=10
Option kind=8, len=10
Option kind=8, len=10
Option kind=8, len=10
Option kind=8, len=10
Option kind=8, len=10
Option kind=8, len=10
Option kind=8, len=10
Option kind=8, len=10
Option kind=8, len=10
Option kind=8, len=10
Option kind=8, len=10
Option kind=8, len=10
Option kind=8, len=10
Option kind=8, len=10
Option kind=8, len=10
Option kind=8, len=10
Option kind=8, len=10
Option kind=8, len=10
Option kind=8, len=10
SACK: [1894649035, 1894649071] 
Option kind=8, len=10
SACK: [1894649035, 1894649071] 
Option kind=8, len=10
SACK: [1894649035, 1894649071] 
Option kind=8, len=10
SACK: [1894649035, 1894649071] 
Option kind=8, len=10
Option kind=8, len=10
SACK: [1894649035, 1894649139] 
Option kind=8, len=10
Option kind=8, len=10
Option kind=8, len=10
Option kind=8, len=10
Option kind=8, len=10
SACK: [1894649035, 1894649139] 
Option kind=8, len=10
SACK: [1894649035, 1894649139] 
Option kind=8, len=10
SACK: [1894649035, 1894649139] 
Option kind=8, len=10
Option kind=8, len=10
Option kind=8, len=10
Option kind=8, len=10
Option kind=8, len=10
Option kind=8, len=10
Option kind=8, len=10
Option kind=8, len=10
Option kind=8, len=10
Option kind=8, len=10
SACK: [1894649035, 1894649175] 
Option kind=8, len=10
SACK: [1894649035, 1894649175] 
Option kind=8, len=10
SACK: [1894649035, 1894649175] 
Option kind=8, len=10
SACK: [1894649035, 1894649175] 
Option kind=8, len=10
SACK: [1894649035, 1894649175] 
Option kind=8, len=10
SACK: [1894649035, 1894649175] 
Option kind=8, len=10
SACK: [1894649035, 1894649175] 
Option kind=8, len=10
SACK: [1894649035, 1894649175] 
Option kind=8, len=10
SACK: [1894649035, 1894649175] 
Option kind=8, len=10
SACK: [1894649035, 1894649175] 
Option kind=8, len=10
SACK: [1894649035, 1894649175] 
Option kind=8, len=10
SACK: [1894649035, 1894649175] 
Option kind=8, len=10
SACK: [1894649035, 1894649175] 
Option kind=8, len=10
SACK: [1894649035, 1894649175] 
Option kind=8, len=10
SACK: [1894649035, 1894649175] 
Option kind=8, len=10
SACK: [1894649035, 1894649175] 
Option kind=8, len=10
SACK: [1894649035, 1894649175] 
Option kind=8, len=10
SACK: [1894649035, 1894649175] 
Option kind=8, len=10
SACK: [1894649035, 1894649175] 
Option kind=8, len=10
SACK: [1894649035, 1894649175] 
Option kind=8, len=10
SACK: [1894649035, 1894649175] 
Option kind=8, len=10
SACK: [1894649035, 1894649175] 
Option kind=8, len=10
SACK: [1894649035, 1894649175] 
Option kind=8, len=10
SACK: [1894649035, 1894649175] 
Option kind=8, len=10
SACK: [1894649035, 1894649175] 
Option kind=8, len=10
SACK: [1894649035, 1894649175] 
Option kind=8, len=10
SACK: [1894649035, 1894649175] 
Option kind=8, len=10
SACK: [1894649035, 1894649175] 
Option kind=8, len=10
SACK: [1894649035, 1894649175] 
Option kind=8, len=10
SACK: [1894649035, 1894649175] 
Option kind=8, len=10
SACK: [1894649035, 1894649175] 
Option kind=8, len=10
SACK: [1894649035, 1894649175] 
Option kind=8, len=10
SACK: [1894649035, 1894649175] 
Option kind=8, len=10
SACK: [1894649035, 1894649175] 
Option kind=8, len=10
SACK: [1894649035, 1894649175] 
Option kind=8, len=10
SACK: [1894649035, 1894649175] 
Option kind=8, len=10
SACK: [1894649035, 1894649175] 
Option kind=8, len=10
SACK: [1894649035, 1894649175] 
Option kind=8, len=10
SACK: [1894649035, 1894649175] 
Option kind=8, len=10
SACK: [1894649035, 1894649175] 
Option kind=8, len=10
SACK: [1894649035, 1894649175] 
Option kind=8, len=10
SACK: [1894649035, 1894649175] 
Option kind=8, len=10
SACK: [1894649035, 1894649175] 
Option kind=8, len=10
SACK: [1894649035, 1894649175] 
Option kind=8, len=10
SACK: [1894649035, 1894649175] 
Option kind=8, len=10
SACK: [1894649035, 1894649175] 
Option kind=8, len=10
SACK: [1894649035, 1894649175] 
Option kind=8, len=10
SACK: [1894649035, 1894649175] 
Option kind=8, len=10
SACK: [1894649035, 1894649175] 
Option kind=8, len=10
SACK: [1894649035, 1894649175] 
Option kind=8, len=10
SACK: [1894649035, 1894649175] 
Option kind=8, len=10
SACK: [1894649035, 1894649175] 
Option kind=8, len=10
SACK: [1894649035, 1894649175] 
Option kind=8, len=10
SACK: [1894649035, 1894649175] 
Option kind=8, len=10
SACK: [1894649035, 1894649175] 
Option kind=8, len=10
SACK: [1894649035, 1894649175] 
Option kind=8, len=10
SACK: [1894649035, 1894649175] 
Option kind=8, len=10
SACK: [1894649035, 1894649175] 
Option kind=8, len=10
SACK: [1894649035, 1894649175] 
Option kind=8, len=10
SACK: [1894649035, 1894649175] 
Option kind=8, len=10
SACK: [1894649035, 1894649175] 
Option kind=8, len=10
SACK: [1894649035, 1894649175] 
Option kind=8, len=10
SACK: [1894649035, 1894649175] 
Option kind=8, len=10
SACK: [1894649035, 1894649175] 
Option kind=8, len=10
SACK: [1894649035, 1894649175] 
Option kind=8, len=10
SACK: [1894649035, 1894649175] 
Option kind=8, len=10
SACK: [1894649035, 1894649175] 
Option kind=8, len=10
SACK: [1894649035, 1894649175] 
Option kind=8, len=10
SACK: [1894649035, 1894649175] 
Option kind=8, len=10
SACK: [1894649035, 1894649175] 
Option kind=8, len=10
SACK: [1894649035, 1894649175] 
Option kind=8, len=10
SACK: [1894649035, 1894649175] 
Option kind=8, len=10
SACK: [1894649035, 1894649175] 
Option kind=8, len=10
SACK: [1894649035, 1894649175] 
Option kind=8, len=10
SACK: [1894649035, 1894649175] 
Option kind=8, len=10
SACK: [1894649035, 1894649175] 
Option kind=8, len=10
SACK: [1894649035, 1894649175] 
Option kind=8, len=10
SACK: [1894649035, 1894649175] 
Option kind=8, len=10
SACK: [1894649035, 1894649175] 
Option kind=8, len=10
SACK: [1894649035, 1894649175] 
Option kind=8, len=10
SACK: [1894649035, 1894649175] 
Option kind=8, len=10
SACK: [1894649035, 1894649175] 
Option kind=8, len=10
SACK: [1894649035, 1894649175] 
Option kind=8, len=10
SACK: [1894649035, 1894649175] 
Option kind=8, len=10
SACK: [1894649035, 1894649175] 
Option kind=8, len=10
SACK: [1894649035, 1894649175] 
Option kind=8, len=10
SACK: [1894649035, 1894649175] 
Option kind=8, len=10
SACK: [1894649035, 1894649175] 
Option kind=8, len=10
SACK: [1894649035, 1894649175] 
Option kind=8, len=10
SACK: [1894649035, 1894649175] 
Option kind=8, len=10
SACK: [1894649035, 1894649175] 
Option kind=8, len=10
SACK: [1894649035, 1894649175] 
Option kind=8, len=10
SACK: [1894649035, 1894649175] 
Option kind=8, len=10
SACK: [1894649035, 1894649175] 
Option kind=8, len=10
SACK: [1894649035, 1894649175] 
Option kind=8, len=10
SACK: [1894649035, 1894649175] 
Option kind=8, len=10
SACK: [1894649035, 1894649175] 
Option kind=8, len=10
SACK: [1894649035, 1894649175] 
Option kind=8, len=10
SACK: [1894649035, 1894649175] 
Option kind=8, len=10
SACK: [1894649035, 1894649175] 
Option kind=8, len=10
SACK: [1894649035, 1894649175] 
Option kind=8, len=10
SACK: [1894649035, 1894649175] 
Option kind=8, len=10
SACK: [1894649035, 1894649175] 
Option kind=8, len=10
SACK: [1894649035, 1894649175] 
Option kind=8, len=10
SACK: [1894649035, 1894649175] 
Option kind=8, len=10
SACK: [1894649035, 1894649175] 
Option kind=8, len=10
SACK: [1894649035, 1894649175] 
Option kind=8, len=10
SACK: [1894649035, 1894649175] 
Option kind=8, len=10
SACK: [1894649035, 1894649175] 
Option kind=8, len=10
SACK: [1894649035, 1894649175] 
Option kind=8, len=10
SACK: [1894649035, 1894649175] 
Option kind=8, len=10
SACK: [1894649035, 1894649175] 
Option kind=8, len=10
SACK: [1894649035, 1894649175] 
Option kind=8, len=10
SACK: [1894649035, 1894649175] 
Option kind=8, len=10
SACK: [1894649035, 1894649175] 
Option kind=8, len=10
SACK: [1894649035, 1894649175] 
Option kind=8, len=10
SACK: [1894649035, 1894649175] 
Option kind=8, len=10
SACK: [1894649035, 1894649175] 
Option kind=8, len=10
SACK: [1894649035, 1894649175] 
Option kind=8, len=10
SACK: [1894649035, 1894649175] 
Option kind=8, len=10
SACK: [1894649035, 1894649175] 
Option kind=8, len=10
SACK: [1894649035, 1894649175] 
Option kind=8, len=10
SACK: [1894649035, 1894649175] 
Option kind=8, len=10
SACK: [1894649035, 1894649175] 
Option kind=8, len=10
SACK: [1894649035, 1894649175] 
Option kind=8, len=10
SACK: [1894649035, 1894649175] 
Option kind=8, len=10
SACK: [1894649035, 1894649175] 
Option kind=8, len=10
SACK: [1894649035, 1894649175] 
Option kind=8, len=10
SACK: [1894649035, 1894649175] 
Option kind=8, len=10
SACK: [1894649035, 1894649175] 
Option kind=8, len=10
SACK: [1894649035, 1894649175] 
Option kind=8, len=10
SACK: [1894649035, 1894649175] 
Option kind=8, len=10
Option kind=8, len=10
SACK: [1894649035, 1894649175] 
Option kind=8, len=10
SACK: [1894649035, 1894649175] 
Option kind=8, len=10
Option kind=8, len=10
SACK: [1894649035, 1894649175] 
Option kind=8, len=10
SACK: [1894649035, 1894649175] 
Option kind=8, len=10
SACK: [1894649035, 1894649175] 
Option kind=8, len=10
Option kind=8, len=10
Option kind=8, len=10
Option kind=8, len=10
Option kind=8, len=10
Option kind=8, len=10
Option kind=8, len=10
Option kind=8, len=10
Option kind=8, len=10
Option kind=8, len=10
Option kind=8, len=10
Option kind=8, len=10
Option kind=8, len=10
Option kind=8, len=10
Option kind=8, len=10
Option kind=8, len=10
Option kind=8, len=10
Option kind=8, len=10
Option kind=8, len=10
Option kind=8, len=10
Option kind=8, len=10
Option kind=8, len=10
Option kind=8, len=10
Option kind=8, len=10
Option kind=8, len=10
Option kind=8, len=10
Option kind=8, len=10
Option kind=8, len=10
Option kind=8, len=10
Option kind=8, len=10
Option kind=8, len=10
Option kind=8, len=10
Option kind=8, len=10
Option kind=8, len=10
Option kind=8, len=10
Option kind=8, len=10
Option kind=8, len=10
Option kind=8, len=10
Option kind=8, len=10
Option kind=8, len=10
Option kind=8, len=10
Option kind=8, len=10
Option kind=8, len=10
Option kind=8, len=10
Option kind=8, len=10
Option kind=8, len=10
Option kind=8, len=10
Option kind=8, len=10
Option kind=8, len=10
Option kind=8, len=10
Option kind=8, len=10
Option kind=8, len=10
Option kind=8, len=10
Option kind=8, len=10
Option kind=8, len=10
Option kind=8, len=10
Option kind=8, len=10
Option kind=8, len=10
Option kind=8, len=10
Option kind=8, len=10
Option kind=8, len=10
Option kind=8, len=10
Option kind=8, len=10
Option kind=8, len=10
Option kind=8, len=10
Option kind=8, len=10
Option kind=8, len=10
Option kind=8, len=10
Option kind=8, len=10
Option kind=8, len=10
Option kind=8, len=10
Option kind=8, len=10
Option kind=8, len=10
Option kind=8, len=10
Option kind=8, len=10
Option kind=8, len=10
Option kind=8, len=10
Option kind=8, len=10
Option kind=8, len=10
Option kind=8, len=10
Option kind=8, len=10
Option kind=8, len=10
Option kind=8, len=10
Option kind=8, len=10
Option kind=8, len=10
Option kind=8, len=10
Option kind=8, len=10
Option kind=8, len=10
Option kind=8, len=10
Option kind=8, len=10
Option kind=8, len=10
Option kind=8, len=10
Option kind=8, len=10
Option kind=8, len=10
Option kind=8, len=10
Option kind=8, len=10
Option kind=8, len=10
Option kind=8, len=10
Option kind=8, len=10
Option kind=8, len=10
Option kind=8, len=10
Option kind=8, len=10
Option kind=8, len=10
Option kind=8, len=10
Option kind=8, len=10
Option kind=8, len=10
Option kind=8, len=10
Option kind=8, len=10
Option kind=8, len=10
Option kind=8, len=10
Option kind=8, len=10
Option kind=8, len=10
Option kind=8, len=10
Option kind=8, len=10
Option kind=8, len=10
Option kind=8, len=10
Option kind=8, len=10
Option kind=8, len=10
Option kind=8, len=10
Option kind=8, len=10
Option kind=8, len=10
Option kind=8, len=10
Option kind=8, len=10
Option kind=8, len=10
Option kind=8, len=10
Option kind=8, len=10
Option kind=8, len=10
Option kind=8, len=10
Option kind=8, len=10
Option kind=8, len=10
Option kind=8, len=10
Option kind=8, len=10
Option kind=8, len=10
Option kind=8, len=10
Option kind=8, len=10
Option kind=8, len=10
Option kind=8, len=10
Option kind=8, len=10
Option kind=8, len=10
Option kind=8, len=10
Option kind=8, len=10
Option kind=8, len=10
Option kind=8, len=10
Option kind=8, len=10
Option kind=8, len=10
Option kind=8, len=10
Option kind=8, len=10
Option kind=8, len=10
Option kind=8, len=10
Option kind=8, len=10
Option kind=8, len=10
Option kind=8, len=10
Option kind=8, len=10
Option kind=8, len=10
Option kind=8, len=10
Option kind=8, len=10
Option kind=8, len=10
Option kind=8, len=10
Option kind=8, len=10
